warning: 
  --> $DIR/main.rs:4:1
   |
LL | / unsafe fn dangerous_function() {
LL | |     // ...
LL | | }
   | |_^
   |
   = help: add a safety comment explaining when it is safe to call this function
   = note: `#[warn(require_safety_comments_on_unsafe)]` on by default

warning: 
  --> $DIR/main.rs:9:1
   |
LL | / unsafe fn another_dangerous() {
LL | |     // ...
LL | | }
   | |_^
   |
   = help: add a safety comment explaining when it is safe to call this function

warning: 
  --> $DIR/main.rs:22:5
   |
LL | /     unsafe {
LL | |         dangerous_function();
LL | |     }
   | |_____^
   |
   = help: add a SAFETY comment explaining why this unsafe block is safe

warning: 3 warnings emitted

